<?xml version="1.0" encoding="UTF-8"?>
<!-- Generated by org.testng.reporters.JUnitReportReporter -->
<testsuite hostname="NAVEEN" failures="0" tests="4" name="lambdatestjava.LambdaTestJava" time="23.181" errors="0" timestamp="2022-08-29T16:44:09 IST" skipped="0">
  <testcase classname="lambdatestjava.LambdaTestJava" name="testScenario1" time="5.335"/>
  <system-out/>
  <testcase classname="lambdatestjava.LambdaTestJava" name="testScenario1" time="6.731"/>
  <system-out/>
  <testcase classname="lambdatestjava.LambdaTestJava" name="testScenario1" time="5.467"/>
  <system-out/>
  <testcase classname="lambdatestjava.LambdaTestJava" name="testScenario1" time="5.648"/>
  <system-out/>
</testsuite> <!-- lambdatestjava.LambdaTestJava -->
